<?xml version="1.0" encoding="UTF-8"?>
<!-- Generated by org.testng.reporters.JUnitXMLReporter -->
<testsuite hostname="Saifuls-MacBook-Pro.local" ignored="0" name="Default test(failed)" tests="1" failures="1" timestamp="2022-10-25T00:55:31 EDT" time="0.605" errors="0">
  <testcase name="openBankSite" time="0.566" classname="com.qa.testCases.TestBanking">
    <failure type="java.lang.IllegalStateException" message="It must be an executable file: /Users/saiful/eclipse-workspace/Andromeda/Driver/chromedriver">
      <![CDATA[java.lang.IllegalStateException: It must be an executable file: /Users/saiful/eclipse-workspace/Andromeda/Driver/chromedriver
at org.openqa.selenium.internal.Require.stateCondition(Require.java:169)
at org.openqa.selenium.remote.service.DriverService.checkExecutable(DriverService.java:148)
at org.openqa.selenium.remote.service.DriverService.findExecutable(DriverService.java:142)
at org.openqa.selenium.chrome.ChromeDriverService.access$000(ChromeDriverService.java:39)
at org.openqa.selenium.chrome.ChromeDriverService$Builder.findDefaultExecutable(ChromeDriverService.java:233)
at org.openqa.selenium.remote.service.DriverService$Builder.build(DriverService.java:437)
at org.openqa.selenium.chrome.ChromeDriverService.createDefaultService(ChromeDriverService.java:128)
at org.openqa.selenium.chrome.ChromeDriver.<init>(ChromeDriver.java:49)
at com.qa.utilities.BrowserFactory.openApplication(BrowserFactory.java:29)
at com.qa.testCases.TestBanking.openBankSite(TestBanking.java:43)
at java.util.ArrayList.forEach(ArrayList.java:1259)
... Removed 27 stack frames]]>
    </failure>
  </testcase> <!-- openBankSite -->
</testsuite> <!-- Default test(failed) -->
