<?xml version="1.0" encoding="UTF-8"?>
<!-- Generated by org.testng.reporters.JUnitXMLReporter -->
<testsuite ignored="0" hostname="Saifuls-MacBook-Pro.local" failures="0" tests="1" name="Banking atest" time="0.075" errors="0" timestamp="2022-10-10T21:35:00 EDT">
  <testcase classname="com.qa.pages.BaseClass" name="@BeforeTest setUp" time="0.027">
    <failure type="java.lang.IllegalStateException" message="It must be an executable file: /Users/saiful/eclipse-workspace/Andromeda/Driver/chromedriver">
      <![CDATA[java.lang.IllegalStateException: It must be an executable file: /Users/saiful/eclipse-workspace/Andromeda/Driver/chromedriver
at org.openqa.selenium.internal.Require.stateCondition(Require.java:169)
at org.openqa.selenium.remote.service.DriverService.checkExecutable(DriverService.java:148)
at org.openqa.selenium.remote.service.DriverService.findExecutable(DriverService.java:142)
at org.openqa.selenium.chrome.ChromeDriverService.access$000(ChromeDriverService.java:39)
at org.openqa.selenium.chrome.ChromeDriverService$Builder.findDefaultExecutable(ChromeDriverService.java:233)
at org.openqa.selenium.remote.service.DriverService$Builder.build(DriverService.java:437)
at org.openqa.selenium.chrome.ChromeDriverService.createDefaultService(ChromeDriverService.java:128)
at org.openqa.selenium.chrome.ChromeDriver.<init>(ChromeDriver.java:49)
at com.qa.utilities.BrowserFactory.openApplication(BrowserFactory.java:26)
at com.qa.pages.BaseClass.setUp(BaseClass.java:39)
... Removed 24 stack frames]]>
    </failure>
  </testcase> <!-- @BeforeTest setUp -->
  <testcase classname="com.qa.pages.BaseClass" name="@AfterTest tearDown" time="-1.665452095206E9">
    <skipped/>
  </testcase> <!-- @AfterTest tearDown -->
  <testcase classname="com.qa.testCases.TestBanking" name="openBankSite" time="0.0">
    <skipped/>
  </testcase> <!-- openBankSite -->
</testsuite> <!-- Banking atest -->
